<?xml version="1.0" encoding="UTF-8"?>
<!-- Generated by org.testng.reporters.JUnitXMLReporter -->
<testsuite ignored="0" hostname="gings" failures="0" tests="4" name="Test" time="10.221" errors="0" timestamp="2023-04-04T21:31:02 IST">
  <testcase classname="test_class.GetTc1" name="orchestrator" time="2.936"/>
  <testcase classname="test_class.PatchTc1" name="orchestrator" time="1.775"/>
  <testcase classname="test_class.PostTc1" name="orchestrator" time="4.43"/>
  <testcase classname="test_class.PutTc1" name="orchestrator" time="0.923"/>
</testsuite> <!-- Test -->
