<?xml version="1.0" encoding="UTF-8"?>
<testng-results ignored="0" total="4" passed="4" failed="0" skipped="0">
  <reporter-output>
  </reporter-output>
  <suite started-at="2023-04-04T21:30:52 IST" name="Suite" finished-at="2023-04-04T21:31:02 IST" duration-ms="10221">
    <groups>
    </groups>
    <test started-at="2023-04-04T21:30:52 IST" name="Test" finished-at="2023-04-04T21:31:02 IST" duration-ms="10221">
      <class name="test_class.PutTc1">
        <test-method signature="orchestrator()[pri:0, instance:test_class.PutTc1@196a42c3]" started-at="2023-04-04T21:31:01 IST" name="orchestrator" finished-at="2023-04-04T21:31:02 IST" duration-ms="923" status="PASS">
          <reporter-output>
          </reporter-output>
        </test-method> <!-- orchestrator -->
      </class> <!-- test_class.PutTc1 -->
      <class name="test_class.PostTc1">
        <test-method signature="orchestrator()[pri:0, instance:test_class.PostTc1@79e4c792]" started-at="2023-04-04T21:30:57 IST" name="orchestrator" finished-at="2023-04-04T21:31:01 IST" duration-ms="4430" status="PASS">
          <reporter-output>
          </reporter-output>
        </test-method> <!-- orchestrator -->
      </class> <!-- test_class.PostTc1 -->
      <class name="test_class.GetTc1">
        <test-method signature="orchestrator()[pri:0, instance:test_class.GetTc1@548d708a]" started-at="2023-04-04T21:30:52 IST" name="orchestrator" finished-at="2023-04-04T21:30:55 IST" duration-ms="2936" status="PASS">
          <reporter-output>
          </reporter-output>
        </test-method> <!-- orchestrator -->
      </class> <!-- test_class.GetTc1 -->
      <class name="test_class.PatchTc1">
        <test-method signature="orchestrator()[pri:0, instance:test_class.PatchTc1@17f9d882]" started-at="2023-04-04T21:30:55 IST" name="orchestrator" finished-at="2023-04-04T21:30:57 IST" duration-ms="1775" status="PASS">
          <reporter-output>
          </reporter-output>
        </test-method> <!-- orchestrator -->
      </class> <!-- test_class.PatchTc1 -->
    </test> <!-- Test -->
  </suite> <!-- Suite -->
</testng-results>
